<?xml version="1.0" encoding="UTF-8"?>
<!-- Generated by org.testng.reporters.JUnitReportReporter -->
<testsuite skipped="0" hostname="MSI" name="com.review.class01.AnnotationsRecap" tests="1" failures="0" timestamp="2020-09-23T17:24:43 CDT" time="0.007" errors="0">
  <testcase name="test2" time="0.007" classname="com.review.class01.AnnotationsRecap"/>
  <system-out/>
</testsuite> <!-- com.review.class01.AnnotationsRecap -->
