<?xml version="1.0" encoding="UTF-8"?>
<!-- Generated by org.testng.reporters.JUnitReportReporter -->
<testsuite skipped="0" hostname="MSI" name="com.review.class01.Login" tests="1" failures="0" timestamp="2020-09-23T20:58:41 CDT" time="7.597" errors="0">
  <testcase name="loginValitation" time="7.597" classname="com.review.class01.Login"/>
  <system-out/>
</testsuite> <!-- com.review.class01.Login -->
